Traceback (most recent call last):
  File "/home/pedrohlopes/miniconda3/envs/dev_pedro/lib/python3.7/site-packages/jupyter_cache/executors/utils.py", line 64, in single_nb_execution
    **kwargs,
  File "/home/pedrohlopes/miniconda3/envs/dev_pedro/lib/python3.7/site-packages/nbclient/client.py", line 1112, in execute
    return NotebookClient(nb=nb, resources=resources, km=km, **kwargs).execute()
  File "/home/pedrohlopes/miniconda3/envs/dev_pedro/lib/python3.7/site-packages/nbclient/util.py", line 74, in wrapped
    return just_run(coro(*args, **kwargs))
  File "/home/pedrohlopes/miniconda3/envs/dev_pedro/lib/python3.7/site-packages/nbclient/util.py", line 53, in just_run
    return loop.run_until_complete(coro)
  File "/home/pedrohlopes/miniconda3/envs/dev_pedro/lib/python3.7/asyncio/base_events.py", line 587, in run_until_complete
    return future.result()
  File "/home/pedrohlopes/miniconda3/envs/dev_pedro/lib/python3.7/site-packages/nbclient/client.py", line 554, in async_execute
    cell, index, execution_count=self.code_cells_executed + 1
  File "/home/pedrohlopes/miniconda3/envs/dev_pedro/lib/python3.7/site-packages/nbclient/client.py", line 857, in async_execute_cell
    self._check_raise_for_error(cell, exec_reply)
  File "/home/pedrohlopes/miniconda3/envs/dev_pedro/lib/python3.7/site-packages/nbclient/client.py", line 760, in _check_raise_for_error
    raise CellExecutionError.from_cell_and_msg(cell, exec_reply_content)
nbclient.exceptions.CellExecutionError: An error occurred while executing the following cell:
------------------
signal,samplerate = sf.read('sinais/fala.wav')
start = 0.4
end= 4.25
plot_spectrogram(signal,samplerate,start=start,end=end);
Audio(data=signal[int(start*samplerate):int(end*samplerate)], rate=samplerate)
------------------

[0;31m---------------------------------------------------------------------------[0m
[0;31mTypeError[0m                                 Traceback (most recent call last)
[0;32m/tmp/ipykernel_1564/339935012.py[0m in [0;36m<module>[0;34m[0m
[1;32m      2[0m [0mstart[0m [0;34m=[0m [0;36m0.4[0m[0;34m[0m[0;34m[0m[0m
[1;32m      3[0m [0mend[0m[0;34m=[0m [0;36m4.25[0m[0;34m[0m[0;34m[0m[0m
[0;32m----> 4[0;31m [0mplot_spectrogram[0m[0;34m([0m[0msignal[0m[0;34m,[0m[0msamplerate[0m[0;34m,[0m[0mstart[0m[0;34m=[0m[0mstart[0m[0;34m,[0m[0mend[0m[0;34m=[0m[0mend[0m[0;34m)[0m[0;34m;[0m[0;34m[0m[0;34m[0m[0m
[0m[1;32m      5[0m [0mAudio[0m[0;34m([0m[0mdata[0m[0;34m=[0m[0msignal[0m[0;34m[[0m[0mint[0m[0;34m([0m[0mstart[0m[0;34m*[0m[0msamplerate[0m[0;34m)[0m[0;34m:[0m[0mint[0m[0;34m([0m[0mend[0m[0;34m*[0m[0msamplerate[0m[0;34m)[0m[0;34m][0m[0;34m,[0m [0mrate[0m[0;34m=[0m[0msamplerate[0m[0;34m)[0m[0;34m[0m[0;34m[0m[0m

[0;32m/tmp/ipykernel_1564/3453003230.py[0m in [0;36mplot_spectrogram[0;34m(signal, samplerate, n_fft, hop_length, start, end, y_axis)[0m
[1;32m     11[0m     [0mfig[0m[0;34m,[0m [0max[0m [0;34m=[0m [0mplt[0m[0;34m.[0m[0msubplots[0m[0;34m([0m[0;34m)[0m[0;34m[0m[0;34m[0m[0m
[1;32m     12[0m [0;34m[0m[0m
[0;32m---> 13[0;31m     [0mimg[0m [0;34m=[0m [0mlibrosa[0m[0;34m.[0m[0mdisplay[0m[0;34m.[0m[0mspecshow[0m[0;34m([0m[0mX_db[0m[0;34m,[0m [0msr[0m[0;34m=[0m[0msamplerate[0m[0;34m,[0m [0mx_axis[0m[0;34m=[0m[0;34m'time'[0m[0;34m,[0m [0my_axis[0m[0;34m=[0m[0my_axis[0m[0;34m,[0m [0max[0m[0;34m=[0m[0max[0m[0;34m)[0m[0;34m[0m[0;34m[0m[0m
[0m[1;32m     14[0m     [0max[0m[0;34m.[0m[0mset_title[0m[0;34m([0m[0;34m'Espectrograma de potência, escala log (dB)'[0m[0;34m)[0m[0;34m[0m[0;34m[0m[0m
[1;32m     15[0m     [0mfig[0m[0;34m.[0m[0mcolorbar[0m[0;34m([0m[0mimg[0m[0;34m,[0m [0max[0m[0;34m=[0m[0max[0m[0;34m,[0m [0mformat[0m[0;34m=[0m[0;34m"%+2.0f dB"[0m[0;34m)[0m[0;34m[0m[0;34m[0m[0m

[0;32m~/miniconda3/envs/dev_pedro/lib/python3.7/site-packages/librosa/display.py[0m in [0;36mspecshow[0;34m(data, x_coords, y_coords, x_axis, y_axis, sr, hop_length, fmin, fmax, bins_per_octave, **kwargs)[0m
[1;32m    676[0m [0;34m[0m[0m
[1;32m    677[0m     [0maxes[0m [0;34m=[0m [0mplt[0m[0;34m.[0m[0mgca[0m[0;34m([0m[0;34m)[0m[0;34m[0m[0;34m[0m[0m
[0;32m--> 678[0;31m     [0mout[0m [0;34m=[0m [0maxes[0m[0;34m.[0m[0mpcolormesh[0m[0;34m([0m[0mx_coords[0m[0;34m,[0m [0my_coords[0m[0;34m,[0m [0mdata[0m[0;34m,[0m [0;34m**[0m[0mkwargs[0m[0;34m)[0m[0;34m[0m[0;34m[0m[0m
[0m[1;32m    679[0m     [0mplt[0m[0;34m.[0m[0msci[0m[0;34m([0m[0mout[0m[0;34m)[0m[0;34m[0m[0;34m[0m[0m
[1;32m    680[0m [0;34m[0m[0m

[0;31mTypeError[0m: inner() got multiple values for argument 'ax'
TypeError: inner() got multiple values for argument 'ax'

